SF:lib\features\location\data\models\phone_location.dart
DA:5,3
LF:1
LH:1
end_of_record
SF:lib\features\venues\data\models\venue.dart
DA:8,4
LF:1
LH:1
end_of_record
SF:lib\features\venues\data\repositories\favorites_repository.dart
DA:17,1
DA:19,2
DA:22,1
DA:24,3
DA:25,2
DA:26,1
DA:27,1
DA:28,2
DA:32,1
DA:34,3
DA:35,2
DA:36,1
DA:37,2
LF:13
LH:13
end_of_record
SF:lib\features\venues\data\repositories\venue_repository.dart
DA:13,1
DA:15,4
DA:18,0
DA:21,6
DA:22,1
DA:23,2
DA:24,2
DA:25,2
DA:26,2
DA:28,1
LF:10
LH:9
end_of_record
SF:lib\features\venues\venue_provider.dart
DA:10,0
DA:22,1
DA:26,1
DA:28,2
DA:29,2
DA:30,4
DA:31,1
DA:32,1
DA:33,1
DA:34,1
DA:35,1
DA:36,2
DA:38,1
DA:41,0
DA:45,0
DA:49,0
LF:16
LH:12
end_of_record
SF:lib\features\venues\presentation\widgets\venue_error.dart
DA:6,11
DA:8,2
DA:10,2
DA:11,2
DA:13,2
DA:14,2
LF:6
LH:6
end_of_record
SF:lib\di.dart
DA:15,3
DA:17,0
DA:18,0
DA:19,0
DA:22,0
DA:23,0
DA:24,0
DA:25,0
DA:27,0
DA:28,0
DA:33,0
DA:34,0
DA:35,0
DA:36,0
DA:38,0
DA:39,0
DA:41,0
DA:43,0
DA:44,0
DA:45,0
DA:46,0
DA:47,0
DA:48,0
DA:49,0
DA:51,0
DA:55,0
DA:57,0
DA:60,0
DA:61,0
DA:62,0
DA:64,0
DA:66,0
DA:68,0
DA:70,0
DA:72,0
LF:35
LH:1
end_of_record
SF:lib\features\location\locaiton_service.dart
DA:9,0
DA:19,0
DA:23,0
DA:24,0
DA:31,0
DA:35,0
DA:36,0
DA:37,0
DA:38,0
DA:39,0
DA:40,0
DA:41,0
DA:44,0
DA:46,0
DA:49,0
DA:50,0
DA:51,0
DA:60,0
DA:62,0
LF:19
LH:0
end_of_record
SF:lib\features\venues\data\datasources\venue_api_client.dart
DA:18,1
DA:20,2
DA:22,1
DA:23,1
DA:24,1
DA:28,2
DA:29,2
DA:30,5
DA:32,2
DA:33,2
DA:34,1
DA:36,2
DA:37,3
DA:38,2
DA:40,2
DA:41,3
DA:42,2
DA:46,0
DA:47,0
DA:50,3
DA:51,1
LF:21
LH:19
end_of_record
SF:lib\services\logger_service.dart
DA:6,8
DA:8,4
DA:9,8
DA:12,4
DA:13,2
DA:14,3
DA:15,3
LF:7
LH:7
end_of_record
SF:lib\services\wolt_api_client.dart
DA:9,0
DA:21,1
DA:25,1
DA:27,4
DA:28,2
DA:29,2
DA:30,2
DA:32,2
DA:36,2
DA:37,1
LF:10
LH:9
end_of_record
SF:lib\features\venues\data\datasources\responses\item.dart
DA:8,2
DA:13,1
DA:14,1
DA:15,1
DA:16,3
LF:5
LH:5
end_of_record
SF:lib\features\venues\data\datasources\responses\item_image.dart
DA:4,0
DA:6,0
DA:7,0
DA:8,0
LF:4
LH:0
end_of_record
SF:lib\features\venues\data\datasources\responses\item_venue.dart
DA:6,1
DA:12,1
DA:13,1
DA:14,1
DA:15,1
DA:16,1
LF:6
LH:6
end_of_record
SF:lib\features\venues\data\datasources\responses\section.dart
DA:8,1
DA:14,1
DA:15,1
DA:16,1
DA:17,1
DA:18,6
LF:6
LH:6
end_of_record
SF:lib\features\venues\presentation\screens\venue_screen.dart
DA:12,1
DA:14,1
DA:15,1
DA:22,0
DA:23,0
DA:26,1
DA:28,1
DA:29,1
DA:30,1
DA:31,2
DA:32,1
DA:33,2
DA:35,1
DA:36,3
DA:37,1
DA:40,1
DA:41,1
DA:42,2
DA:43,1
DA:44,1
DA:45,1
DA:48,1
DA:49,1
DA:50,0
DA:51,1
DA:53,2
DA:56,1
DA:57,1
DA:58,1
LF:29
LH:26
end_of_record
SF:lib\features\venues\presentation\widgets\venue_list.dart
DA:9,2
DA:11,2
DA:12,2
DA:18,1
DA:19,6
DA:20,4
DA:22,2
DA:23,4
DA:24,3
DA:28,2
DA:30,2
DA:31,2
DA:32,6
DA:33,2
DA:34,6
DA:35,2
DA:37,2
DA:38,2
DA:39,2
DA:40,2
DA:41,2
DA:42,2
DA:43,3
LF:23
LH:23
end_of_record
SF:lib\features\venues\presentation\widgets\venue_tile.dart
DA:11,3
DA:21,3
DA:23,3
DA:24,3
DA:26,3
DA:27,3
DA:28,3
DA:31,3
DA:32,3
DA:34,3
DA:35,3
DA:43,3
DA:44,3
DA:46,3
DA:47,3
DA:48,3
DA:56,3
DA:57,3
DA:64,3
DA:65,3
DA:66,3
DA:67,3
DA:69,3
LF:23
LH:23
end_of_record
